app/build/intermediates/manifest_merge_blame_file/debug/processDebugMainManifest/manifest-merger-blame-debug-report.txt
1<?xml version="1.0" encoding="utf-8"?>
2<manifest xmlns:android="http://schemas.android.com/apk/res/android"
3    package="com.framebynavin.app"
4    android:versionCode="131"
5    android:versionName="2.0.0-rc7-cine-pulse-motion-pass" >
6
7    <uses-sdk
8        android:minSdkVersion="26"
9        android:targetSdkVersion="36" />
10
11    <uses-permission android:name="android.permission.INTERNET" />
11-->src/main/AndroidManifest.xml:3:5-67
11-->src/main/AndroidManifest.xml:3:22-64
12    <uses-permission android:name="android.permission.POST_NOTIFICATIONS" />
12-->src/main/AndroidManifest.xml:4:5-77
12-->src/main/AndroidManifest.xml:4:22-74
13    <uses-permission android:name="android.permission.RECORD_AUDIO" />
13-->src/main/AndroidManifest.xml:5:5-71
13-->src/main/AndroidManifest.xml:5:22-68
14    <uses-permission android:name="android.permission.READ_CALENDAR" />
14-->src/main/AndroidManifest.xml:6:5-72
14-->src/main/AndroidManifest.xml:6:22-69
15    <uses-permission android:name="android.permission.WRITE_CALENDAR" />
15-->src/main/AndroidManifest.xml:7:5-73
15-->src/main/AndroidManifest.xml:7:22-70
16    <uses-permission android:name="android.permission.SCHEDULE_EXACT_ALARM" />
16-->src/main/AndroidManifest.xml:8:5-79
16-->src/main/AndroidManifest.xml:8:22-76
17    <uses-permission android:name="android.permission.RECEIVE_BOOT_COMPLETED" />
17-->src/main/AndroidManifest.xml:9:5-81
17-->src/main/AndroidManifest.xml:9:22-78
18    <uses-permission android:name="android.permission.USE_FULL_SCREEN_INTENT" />
18-->src/main/AndroidManifest.xml:10:5-81
18-->src/main/AndroidManifest.xml:10:22-78
19    <uses-permission android:name="android.permission.VIBRATE" />
19-->src/main/AndroidManifest.xml:11:5-66
19-->src/main/AndroidManifest.xml:11:22-63
20    <uses-permission android:name="android.permission.WAKE_LOCK" />
20-->src/main/AndroidManifest.xml:12:5-68
20-->src/main/AndroidManifest.xml:12:22-65
21    <uses-permission android:name="android.permission.FOREGROUND_SERVICE" />
21-->src/main/AndroidManifest.xml:13:5-77
21-->src/main/AndroidManifest.xml:13:22-74
22    <uses-permission android:name="android.permission.FOREGROUND_SERVICE_MEDIA_PLAYBACK" />
22-->src/main/AndroidManifest.xml:14:5-92
22-->src/main/AndroidManifest.xml:14:22-89
23
24    <queries>
24-->src/main/AndroidManifest.xml:16:5-18:15
25        <intent>
25-->src/main/AndroidManifest.xml:17:9-85
26            <action android:name="android.speech.RecognitionService" />
26-->src/main/AndroidManifest.xml:17:17-76
26-->src/main/AndroidManifest.xml:17:25-73
27        </intent>
28    </queries>
29    <!-- Although the *SdkVersion is captured in gradle build files, this is required for non gradle builds -->
30    <!-- <uses-sdk android:minSdkVersion="23"/> -->
31    <uses-permission android:name="android.permission.ACCESS_NETWORK_STATE" />
31-->[com.google.firebase:firebase-ai:17.16.0] AndroidManifest.xml:22:5-79
31-->[com.google.firebase:firebase-ai:17.16.0] AndroidManifest.xml:22:22-76
32    <uses-permission android:name="android.permission.USE_BIOMETRIC" /> <!-- suppress DeprecatedClassUsageInspection -->
32-->[androidx.biometric:biometric:1.1.0] AndroidManifest.xml:24:5-72
32-->[androidx.biometric:biometric:1.1.0] AndroidManifest.xml:24:22-69
33    <uses-permission android:name="android.permission.USE_FINGERPRINT" />
33-->[androidx.biometric:biometric:1.1.0] AndroidManifest.xml:27:5-74
33-->[androidx.biometric:biometric:1.1.0] AndroidManifest.xml:27:22-71
34
35    <permission
35-->[androidx.core:core:1.16.0] AndroidManifest.xml:22:5-24:47
36        android:name="com.framebynavin.app.DYNAMIC_RECEIVER_NOT_EXPORTED_PERMISSION"
36-->[androidx.core:core:1.16.0] AndroidManifest.xml:23:9-81
37        android:protectionLevel="signature" />
37-->[androidx.core:core:1.16.0] AndroidManifest.xml:24:9-44
38
39    <uses-permission android:name="com.framebynavin.app.DYNAMIC_RECEIVER_NOT_EXPORTED_PERMISSION" />
39-->[androidx.core:core:1.16.0] AndroidManifest.xml:26:5-97
39-->[androidx.core:core:1.16.0] AndroidManifest.xml:26:22-94
40
41    <application
41-->src/main/AndroidManifest.xml:20:5-96:19
42        android:allowBackup="false"
42-->src/main/AndroidManifest.xml:21:9-36
43        android:appComponentFactory="androidx.core.app.CoreComponentFactory"
43-->[androidx.core:core:1.16.0] AndroidManifest.xml:28:18-86
44        android:debuggable="true"
45        android:extractNativeLibs="false"
46        android:icon="@drawable/ic_framebynavin_launcher"
46-->src/main/AndroidManifest.xml:23:9-58
47        android:label="FrameByNavin"
47-->src/main/AndroidManifest.xml:25:9-37
48        android:roundIcon="@drawable/ic_framebynavin_launcher"
48-->src/main/AndroidManifest.xml:24:9-63
49        android:supportsRtl="true"
49-->src/main/AndroidManifest.xml:26:9-35
50        android:theme="@style/Theme.FrameByNavin"
50-->src/main/AndroidManifest.xml:27:9-50
51        android:usesCleartextTraffic="false" >
51-->src/main/AndroidManifest.xml:22:9-45
52        <service
52-->src/main/AndroidManifest.xml:29:9-137
53            android:name="com.framebynavin.app.reminders.AlarmRingingService"
53-->src/main/AndroidManifest.xml:29:18-63
54            android:exported="false"
54-->src/main/AndroidManifest.xml:29:64-88
55            android:foregroundServiceType="mediaPlayback" />
55-->src/main/AndroidManifest.xml:29:89-134
56        <service
56-->src/main/AndroidManifest.xml:30:9-138
57            android:name="com.framebynavin.app.reminders.VoiceReminderService"
57-->src/main/AndroidManifest.xml:30:18-64
58            android:exported="false"
58-->src/main/AndroidManifest.xml:30:65-89
59            android:foregroundServiceType="mediaPlayback" />
59-->src/main/AndroidManifest.xml:30:90-135
60
61        <activity
61-->src/main/AndroidManifest.xml:32:9-250
62            android:name="com.framebynavin.app.reminders.AlarmActivity"
62-->src/main/AndroidManifest.xml:32:19-58
63            android:excludeFromRecents="true"
63-->src/main/AndroidManifest.xml:32:59-92
64            android:exported="false"
64-->src/main/AndroidManifest.xml:32:93-117
65            android:launchMode="standard"
65-->src/main/AndroidManifest.xml:32:118-147
66            android:showWhenLocked="true"
66-->src/main/AndroidManifest.xml:32:148-177
67            android:theme="@style/Theme.FrameByNavin"
67-->src/main/AndroidManifest.xml:32:206-247
68            android:turnScreenOn="true" />
68-->src/main/AndroidManifest.xml:32:178-205
69        <activity
69-->src/main/AndroidManifest.xml:33:9-258
70            android:name="com.framebynavin.app.reminders.VoiceReminderActivity"
70-->src/main/AndroidManifest.xml:33:19-66
71            android:excludeFromRecents="true"
71-->src/main/AndroidManifest.xml:33:67-100
72            android:exported="false"
72-->src/main/AndroidManifest.xml:33:101-125
73            android:launchMode="standard"
73-->src/main/AndroidManifest.xml:33:126-155
74            android:showWhenLocked="true"
74-->src/main/AndroidManifest.xml:33:156-185
75            android:theme="@style/Theme.FrameByNavin"
75-->src/main/AndroidManifest.xml:33:214-255
76            android:turnScreenOn="true" />
76-->src/main/AndroidManifest.xml:33:186-213
77        <activity
77-->src/main/AndroidManifest.xml:34:9-122
78            android:name="com.framebynavin.app.ui.BackupActivity"
78-->src/main/AndroidManifest.xml:34:19-52
79            android:exported="false"
79-->src/main/AndroidManifest.xml:34:53-77
80            android:theme="@style/Theme.FrameByNavin" />
80-->src/main/AndroidManifest.xml:34:78-119
81        <activity
81-->src/main/AndroidManifest.xml:35:9-130
82            android:name="com.framebynavin.app.ui.RecoveryCopiesActivity"
82-->src/main/AndroidManifest.xml:35:19-60
83            android:exported="false"
83-->src/main/AndroidManifest.xml:35:61-85
84            android:theme="@style/Theme.FrameByNavin" />
84-->src/main/AndroidManifest.xml:35:86-127
85        <activity
85-->src/main/AndroidManifest.xml:36:9-132
86            android:name="com.framebynavin.app.ui.ContentWorkspaceActivity"
86-->src/main/AndroidManifest.xml:36:19-62
87            android:exported="false"
87-->src/main/AndroidManifest.xml:36:63-87
88            android:theme="@style/Theme.FrameByNavin" />
88-->src/main/AndroidManifest.xml:36:88-129
89        <activity
89-->src/main/AndroidManifest.xml:37:9-128
90            android:name="com.framebynavin.app.cloud.CloudSyncActivity"
90-->src/main/AndroidManifest.xml:37:19-58
91            android:exported="false"
91-->src/main/AndroidManifest.xml:37:59-83
92            android:theme="@style/Theme.FrameByNavin" />
92-->src/main/AndroidManifest.xml:37:84-125
93        <activity
93-->src/main/AndroidManifest.xml:38:9-163
94            android:name="com.framebynavin.app.widget.QuickIdeaActivity"
94-->src/main/AndroidManifest.xml:38:19-59
95            android:excludeFromRecents="true"
95-->src/main/AndroidManifest.xml:38:85-118
96            android:exported="false"
96-->src/main/AndroidManifest.xml:38:60-84
97            android:theme="@style/Theme.FrameByNavin" />
97-->src/main/AndroidManifest.xml:38:119-160
98
99        <receiver
99-->src/main/AndroidManifest.xml:40:9-89
100            android:name="com.framebynavin.app.reminders.ReminderReceiver"
100-->src/main/AndroidManifest.xml:40:19-61
101            android:exported="false" />
101-->src/main/AndroidManifest.xml:40:62-86
102        <receiver
102-->src/main/AndroidManifest.xml:41:9-91
103            android:name="com.framebynavin.app.reminders.EscalationReceiver"
103-->src/main/AndroidManifest.xml:41:19-63
104            android:exported="false" />
104-->src/main/AndroidManifest.xml:41:64-88
105        <receiver
105-->src/main/AndroidManifest.xml:42:9-95
106            android:name="com.framebynavin.app.reminders.ReminderActionReceiver"
106-->src/main/AndroidManifest.xml:42:19-67
107            android:exported="false" />
107-->src/main/AndroidManifest.xml:42:68-92
108        <receiver
108-->src/main/AndroidManifest.xml:43:9-51:20
109            android:name="com.framebynavin.app.reminders.ReminderRecoveryReceiver"
109-->src/main/AndroidManifest.xml:43:19-69
110            android:enabled="true"
110-->src/main/AndroidManifest.xml:43:70-92
111            android:exported="false" >
111-->src/main/AndroidManifest.xml:43:93-117
112            <intent-filter>
112-->src/main/AndroidManifest.xml:44:13-50:29
113                <action android:name="android.intent.action.BOOT_COMPLETED" />
113-->src/main/AndroidManifest.xml:45:17-79
113-->src/main/AndroidManifest.xml:45:25-76
114                <action android:name="android.intent.action.MY_PACKAGE_REPLACED" />
114-->src/main/AndroidManifest.xml:46:17-84
114-->src/main/AndroidManifest.xml:46:25-81
115                <action android:name="android.intent.action.TIME_SET" />
115-->src/main/AndroidManifest.xml:47:17-73
115-->src/main/AndroidManifest.xml:47:25-70
116                <action android:name="android.intent.action.TIMEZONE_CHANGED" />
116-->src/main/AndroidManifest.xml:48:17-81
116-->src/main/AndroidManifest.xml:48:25-78
117                <action android:name="android.app.action.SCHEDULE_EXACT_ALARM_PERMISSION_STATE_CHANGED" />
117-->src/main/AndroidManifest.xml:49:17-107
117-->src/main/AndroidManifest.xml:49:25-104
118            </intent-filter>
119        </receiver>
120        <receiver
120-->src/main/AndroidManifest.xml:53:9-56:20
121            android:name="com.framebynavin.app.widget.CreatorCompactWidgetProvider"
121-->src/main/AndroidManifest.xml:53:19-70
122            android:exported="false"
122-->src/main/AndroidManifest.xml:53:71-95
123            android:label="FrameByNavin Compact" >
123-->src/main/AndroidManifest.xml:53:96-132
124            <intent-filter>
124-->src/main/AndroidManifest.xml:54:13-111
125                <action android:name="android.appwidget.action.APPWIDGET_UPDATE" />
125-->src/main/AndroidManifest.xml:54:28-95
125-->src/main/AndroidManifest.xml:54:36-92
126            </intent-filter>
127
128            <meta-data
128-->src/main/AndroidManifest.xml:55:13-120
129                android:name="android.appwidget.provider"
129-->src/main/AndroidManifest.xml:55:24-65
130                android:resource="@xml/widget_creator_compact_info" />
130-->src/main/AndroidManifest.xml:55:66-117
131        </receiver>
132        <receiver
132-->src/main/AndroidManifest.xml:57:9-60:20
133            android:name="com.framebynavin.app.widget.CreatorLargeWidgetProvider"
133-->src/main/AndroidManifest.xml:57:19-68
134            android:exported="false"
134-->src/main/AndroidManifest.xml:57:69-93
135            android:label="FrameByNavin Creator Desk" >
135-->src/main/AndroidManifest.xml:57:94-135
136            <intent-filter>
136-->src/main/AndroidManifest.xml:54:13-111
137                <action android:name="android.appwidget.action.APPWIDGET_UPDATE" />
137-->src/main/AndroidManifest.xml:54:28-95
137-->src/main/AndroidManifest.xml:54:36-92
138            </intent-filter>
139
140            <meta-data
140-->src/main/AndroidManifest.xml:55:13-120
141                android:name="android.appwidget.provider"
141-->src/main/AndroidManifest.xml:55:24-65
142                android:resource="@xml/widget_creator_large_info" />
142-->src/main/AndroidManifest.xml:55:66-117
143        </receiver>
144        <receiver
144-->src/main/AndroidManifest.xml:61:9-64:20
145            android:name="com.framebynavin.app.widget.QuickIdeaWidgetProvider"
145-->src/main/AndroidManifest.xml:61:19-65
146            android:exported="false"
146-->src/main/AndroidManifest.xml:61:66-90
147            android:label="FrameByNavin Quick Idea" >
147-->src/main/AndroidManifest.xml:61:91-130
148            <intent-filter>
148-->src/main/AndroidManifest.xml:54:13-111
149                <action android:name="android.appwidget.action.APPWIDGET_UPDATE" />
149-->src/main/AndroidManifest.xml:54:28-95
149-->src/main/AndroidManifest.xml:54:36-92
150            </intent-filter>
151
152            <meta-data
152-->src/main/AndroidManifest.xml:55:13-120
153                android:name="android.appwidget.provider"
153-->src/main/AndroidManifest.xml:55:24-65
154                android:resource="@xml/widget_quick_idea_info" />
154-->src/main/AndroidManifest.xml:55:66-117
155        </receiver>
156        <receiver
156-->src/main/AndroidManifest.xml:65:9-68:20
157            android:name="com.framebynavin.app.widget.NewProjectWidgetProvider"
157-->src/main/AndroidManifest.xml:65:19-66
158            android:exported="false"
158-->src/main/AndroidManifest.xml:65:67-91
159            android:label="FrameByNavin New Project" >
159-->src/main/AndroidManifest.xml:65:92-132
160            <intent-filter>
160-->src/main/AndroidManifest.xml:54:13-111
161                <action android:name="android.appwidget.action.APPWIDGET_UPDATE" />
161-->src/main/AndroidManifest.xml:54:28-95
161-->src/main/AndroidManifest.xml:54:36-92
162            </intent-filter>
163
164            <meta-data
164-->src/main/AndroidManifest.xml:55:13-120
165                android:name="android.appwidget.provider"
165-->src/main/AndroidManifest.xml:55:24-65
166                android:resource="@xml/widget_new_project_info" />
166-->src/main/AndroidManifest.xml:55:66-117
167        </receiver>
168        <receiver
168-->src/main/AndroidManifest.xml:69:9-72:20
169            android:name="com.framebynavin.app.widget.CurrentProjectWidgetProvider"
169-->src/main/AndroidManifest.xml:69:19-70
170            android:exported="false"
170-->src/main/AndroidManifest.xml:69:71-95
171            android:label="FrameByNavin Current Project" >
171-->src/main/AndroidManifest.xml:69:96-140
172            <intent-filter>
172-->src/main/AndroidManifest.xml:54:13-111
173                <action android:name="android.appwidget.action.APPWIDGET_UPDATE" />
173-->src/main/AndroidManifest.xml:54:28-95
173-->src/main/AndroidManifest.xml:54:36-92
174            </intent-filter>
175
176            <meta-data
176-->src/main/AndroidManifest.xml:55:13-120
177                android:name="android.appwidget.provider"
177-->src/main/AndroidManifest.xml:55:24-65
178                android:resource="@xml/widget_current_project_info" />
178-->src/main/AndroidManifest.xml:55:66-117
179        </receiver>
180        <receiver
180-->src/main/AndroidManifest.xml:73:9-76:20
181            android:name="com.framebynavin.app.widget.NextReminderWidgetProvider"
181-->src/main/AndroidManifest.xml:73:19-68
182            android:exported="false"
182-->src/main/AndroidManifest.xml:73:69-93
183            android:label="FrameByNavin Next Reminder" >
183-->src/main/AndroidManifest.xml:73:94-136
184            <intent-filter>
184-->src/main/AndroidManifest.xml:54:13-111
185                <action android:name="android.appwidget.action.APPWIDGET_UPDATE" />
185-->src/main/AndroidManifest.xml:54:28-95
185-->src/main/AndroidManifest.xml:54:36-92
186            </intent-filter>
187
188            <meta-data
188-->src/main/AndroidManifest.xml:55:13-120
189                android:name="android.appwidget.provider"
189-->src/main/AndroidManifest.xml:55:24-65
190                android:resource="@xml/widget_next_reminder_info" />
190-->src/main/AndroidManifest.xml:55:66-117
191        </receiver>
192        <receiver
192-->src/main/AndroidManifest.xml:77:9-80:20
193            android:name="com.framebynavin.app.widget.ContentCalendarWidgetProvider"
193-->src/main/AndroidManifest.xml:77:19-71
194            android:exported="false"
194-->src/main/AndroidManifest.xml:77:72-96
195            android:label="FrameByNavin Content Calendar" >
195-->src/main/AndroidManifest.xml:77:97-142
196            <intent-filter>
196-->src/main/AndroidManifest.xml:54:13-111
197                <action android:name="android.appwidget.action.APPWIDGET_UPDATE" />
197-->src/main/AndroidManifest.xml:54:28-95
197-->src/main/AndroidManifest.xml:54:36-92
198            </intent-filter>
199
200            <meta-data
200-->src/main/AndroidManifest.xml:55:13-120
201                android:name="android.appwidget.provider"
201-->src/main/AndroidManifest.xml:55:24-65
202                android:resource="@xml/widget_calendar_info" />
202-->src/main/AndroidManifest.xml:55:66-117
203        </receiver>
204        <receiver
204-->src/main/AndroidManifest.xml:81:9-84:20
205            android:name="com.framebynavin.app.widget.DailyBriefWidgetProvider"
205-->src/main/AndroidManifest.xml:81:19-66
206            android:exported="false"
206-->src/main/AndroidManifest.xml:81:67-91
207            android:label="FrameByNavin Daily Brief" >
207-->src/main/AndroidManifest.xml:81:92-132
208            <intent-filter>
208-->src/main/AndroidManifest.xml:54:13-111
209                <action android:name="android.appwidget.action.APPWIDGET_UPDATE" />
209-->src/main/AndroidManifest.xml:54:28-95
209-->src/main/AndroidManifest.xml:54:36-92
210            </intent-filter>
211
212            <meta-data
212-->src/main/AndroidManifest.xml:55:13-120
213                android:name="android.appwidget.provider"
213-->src/main/AndroidManifest.xml:55:24-65
214                android:resource="@xml/widget_daily_brief_info" />
214-->src/main/AndroidManifest.xml:55:66-117
215        </receiver>
216        <receiver
216-->src/main/AndroidManifest.xml:85:9-88:20
217            android:name="com.framebynavin.app.widget.CreatorInsightsWidgetProvider"
217-->src/main/AndroidManifest.xml:85:19-71
218            android:exported="false"
218-->src/main/AndroidManifest.xml:85:72-96
219            android:label="FrameByNavin Creator Insights" >
219-->src/main/AndroidManifest.xml:85:97-142
220            <intent-filter>
220-->src/main/AndroidManifest.xml:54:13-111
221                <action android:name="android.appwidget.action.APPWIDGET_UPDATE" />
221-->src/main/AndroidManifest.xml:54:28-95
221-->src/main/AndroidManifest.xml:54:36-92
222            </intent-filter>
223
224            <meta-data
224-->src/main/AndroidManifest.xml:55:13-120
225                android:name="android.appwidget.provider"
225-->src/main/AndroidManifest.xml:55:24-65
226                android:resource="@xml/widget_insights_info" />
226-->src/main/AndroidManifest.xml:55:66-117
227        </receiver>
228
229        <activity
229-->src/main/AndroidManifest.xml:90:9-95:20
230            android:name="com.framebynavin.app.MainActivity"
230-->src/main/AndroidManifest.xml:90:19-47
231            android:exported="true"
231-->src/main/AndroidManifest.xml:90:48-71
232            android:launchMode="singleTop"
232-->src/main/AndroidManifest.xml:90:72-102
233            android:theme="@style/Theme.FrameByNavin.Starting" >
233-->src/main/AndroidManifest.xml:90:103-153
234            <intent-filter>
234-->src/main/AndroidManifest.xml:91:13-94:29
235                <action android:name="android.intent.action.MAIN" />
235-->src/main/AndroidManifest.xml:92:17-69
235-->src/main/AndroidManifest.xml:92:25-66
236
237                <category android:name="android.intent.category.LAUNCHER" />
237-->src/main/AndroidManifest.xml:93:17-77
237-->src/main/AndroidManifest.xml:93:27-74
238            </intent-filter>
239        </activity>
240        <activity
240-->[androidx.compose.ui:ui-test-manifest:1.8.0] AndroidManifest.xml:23:9-26:79
241            android:name="androidx.activity.ComponentActivity"
241-->[androidx.compose.ui:ui-test-manifest:1.8.0] AndroidManifest.xml:24:13-63
242            android:exported="true"
242-->[androidx.compose.ui:ui-test-manifest:1.8.0] AndroidManifest.xml:25:13-36
243            android:theme="@android:style/Theme.Material.Light.NoActionBar" />
243-->[androidx.compose.ui:ui-test-manifest:1.8.0] AndroidManifest.xml:26:13-76
244
245        <service
245-->[androidx.credentials:credentials-play-services-auth:1.6.0] AndroidManifest.xml:24:9-32:19
246            android:name="androidx.credentials.playservices.CredentialProviderMetadataHolder"
246-->[androidx.credentials:credentials-play-services-auth:1.6.0] AndroidManifest.xml:25:13-94
247            android:enabled="true"
247-->[androidx.credentials:credentials-play-services-auth:1.6.0] AndroidManifest.xml:26:13-35
248            android:exported="false" >
248-->[androidx.credentials:credentials-play-services-auth:1.6.0] AndroidManifest.xml:27:13-37
249            <meta-data
249-->[androidx.credentials:credentials-play-services-auth:1.6.0] AndroidManifest.xml:29:13-31:104
250                android:name="androidx.credentials.CREDENTIAL_PROVIDER_KEY"
250-->[androidx.credentials:credentials-play-services-auth:1.6.0] AndroidManifest.xml:30:17-76
251                android:value="androidx.credentials.playservices.CredentialProviderPlayServicesImpl" />
251-->[androidx.credentials:credentials-play-services-auth:1.6.0] AndroidManifest.xml:31:17-101
252        </service>
253
254        <activity
254-->[androidx.credentials:credentials-play-services-auth:1.6.0] AndroidManifest.xml:34:9-41:20
255            android:name="androidx.credentials.playservices.controllers.identityauth.HiddenActivity"
255-->[androidx.credentials:credentials-play-services-auth:1.6.0] AndroidManifest.xml:35:13-101
256            android:configChanges="orientation|screenSize|screenLayout|keyboardHidden"
256-->[androidx.credentials:credentials-play-services-auth:1.6.0] AndroidManifest.xml:36:13-87
257            android:enabled="true"
257-->[androidx.credentials:credentials-play-services-auth:1.6.0] AndroidManifest.xml:37:13-35
258            android:exported="false"
258-->[androidx.credentials:credentials-play-services-auth:1.6.0] AndroidManifest.xml:38:13-37
259            android:fitsSystemWindows="true"
259-->[androidx.credentials:credentials-play-services-auth:1.6.0] AndroidManifest.xml:39:13-45
260            android:theme="@style/Theme.Hidden" >
260-->[androidx.credentials:credentials-play-services-auth:1.6.0] AndroidManifest.xml:40:13-48
261        </activity>
262        <activity
262-->[androidx.credentials:credentials-play-services-auth:1.6.0] AndroidManifest.xml:42:9-49:20
263            android:name="androidx.credentials.playservices.controllers.identitycredentials.IdentityCredentialApiHiddenActivity"
263-->[androidx.credentials:credentials-play-services-auth:1.6.0] AndroidManifest.xml:43:13-129
264            android:configChanges="orientation|screenSize|screenLayout|keyboardHidden"
264-->[androidx.credentials:credentials-play-services-auth:1.6.0] AndroidManifest.xml:44:13-87
265            android:enabled="true"
265-->[androidx.credentials:credentials-play-services-auth:1.6.0] AndroidManifest.xml:45:13-35
266            android:exported="false"
266-->[androidx.credentials:credentials-play-services-auth:1.6.0] AndroidManifest.xml:46:13-37
267            android:fitsSystemWindows="true"
267-->[androidx.credentials:credentials-play-services-auth:1.6.0] AndroidManifest.xml:47:13-45
268            android:theme="@style/Theme.Hidden" >
268-->[androidx.credentials:credentials-play-services-auth:1.6.0] AndroidManifest.xml:48:13-48
269        </activity>
270        <activity
270-->[com.google.android.gms:play-services-auth:21.6.0] AndroidManifest.xml:23:9-27:75
271            android:name="com.google.android.gms.auth.api.signin.internal.SignInHubActivity"
271-->[com.google.android.gms:play-services-auth:21.6.0] AndroidManifest.xml:24:13-93
272            android:excludeFromRecents="true"
272-->[com.google.android.gms:play-services-auth:21.6.0] AndroidManifest.xml:25:13-46
273            android:exported="false"
273-->[com.google.android.gms:play-services-auth:21.6.0] AndroidManifest.xml:26:13-37
274            android:theme="@android:style/Theme.Translucent.NoTitleBar" />
274-->[com.google.android.gms:play-services-auth:21.6.0] AndroidManifest.xml:27:13-72
275        <!--
276            Service handling Google Sign-In user revocation. For apps that do not integrate with
277            Google Sign-In, this service will never be started.
278        -->
279        <service
279-->[com.google.android.gms:play-services-auth:21.6.0] AndroidManifest.xml:33:9-37:51
280            android:name="com.google.android.gms.auth.api.signin.RevocationBoundService"
280-->[com.google.android.gms:play-services-auth:21.6.0] AndroidManifest.xml:34:13-89
281            android:exported="true"
281-->[com.google.android.gms:play-services-auth:21.6.0] AndroidManifest.xml:35:13-36
282            android:permission="com.google.android.gms.auth.api.signin.permission.REVOCATION_NOTIFICATION"
282-->[com.google.android.gms:play-services-auth:21.6.0] AndroidManifest.xml:36:13-107
283            android:visibleToInstantApps="true" />
283-->[com.google.android.gms:play-services-auth:21.6.0] AndroidManifest.xml:37:13-48
284        <service
284-->[com.google.firebase:firebase-appcheck-debug:19.4.1] AndroidManifest.xml:22:9-28:19
285            android:name="com.google.firebase.components.ComponentDiscoveryService"
285-->[com.google.firebase:firebase-appcheck-debug:19.4.1] AndroidManifest.xml:23:13-84
286            android:directBootAware="true"
286-->[com.google.firebase:firebase-common:22.2.0] AndroidManifest.xml:32:13-43
287            android:exported="false" >
287-->[com.google.firebase:firebase-appcheck-debug:19.4.1] AndroidManifest.xml:24:13-37
288            <meta-data
288-->[com.google.firebase:firebase-appcheck-debug:19.4.1] AndroidManifest.xml:25:13-27:85
289                android:name="com.google.firebase.components:com.google.firebase.appcheck.debug.FirebaseAppCheckDebugRegistrar"
289-->[com.google.firebase:firebase-appcheck-debug:19.4.1] AndroidManifest.xml:26:17-128
290                android:value="com.google.firebase.components.ComponentRegistrar" />
290-->[com.google.firebase:firebase-appcheck-debug:19.4.1] AndroidManifest.xml:27:17-82
291            <meta-data
291-->[com.google.firebase:firebase-appcheck-playintegrity:19.4.1] AndroidManifest.xml:25:13-27:85
292                android:name="com.google.firebase.components:com.google.firebase.appcheck.playintegrity.FirebaseAppCheckPlayIntegrityRegistrar"
292-->[com.google.firebase:firebase-appcheck-playintegrity:19.4.1] AndroidManifest.xml:26:17-144
293                android:value="com.google.firebase.components.ComponentRegistrar" />
293-->[com.google.firebase:firebase-appcheck-playintegrity:19.4.1] AndroidManifest.xml:27:17-82
294            <meta-data
294-->[com.google.firebase:firebase-ai:17.16.0] AndroidManifest.xml:31:13-33:85
295                android:name="com.google.firebase.components:com.google.firebase.ai.FirebaseAIRegistrar"
295-->[com.google.firebase:firebase-ai:17.16.0] AndroidManifest.xml:32:17-105
296                android:value="com.google.firebase.components.ComponentRegistrar" />
296-->[com.google.firebase:firebase-ai:17.16.0] AndroidManifest.xml:33:17-82
297            <meta-data
297-->[com.google.firebase:firebase-appcheck:19.4.1] AndroidManifest.xml:25:13-27:85
298                android:name="com.google.firebase.components:com.google.firebase.appcheck.FirebaseAppCheckKtxRegistrar"
298-->[com.google.firebase:firebase-appcheck:19.4.1] AndroidManifest.xml:26:17-120
299                android:value="com.google.firebase.components.ComponentRegistrar" />
299-->[com.google.firebase:firebase-appcheck:19.4.1] AndroidManifest.xml:27:17-82
300            <meta-data
300-->[com.google.firebase:firebase-appcheck:19.4.1] AndroidManifest.xml:28:13-30:85
301                android:name="com.google.firebase.components:com.google.firebase.appcheck.FirebaseAppCheckRegistrar"
301-->[com.google.firebase:firebase-appcheck:19.4.1] AndroidManifest.xml:29:17-117
302                android:value="com.google.firebase.components.ComponentRegistrar" />
302-->[com.google.firebase:firebase-appcheck:19.4.1] AndroidManifest.xml:30:17-82
303            <meta-data
303-->[com.google.firebase:firebase-common:22.2.0] AndroidManifest.xml:35:13-37:85
304                android:name="com.google.firebase.components:com.google.firebase.FirebaseCommonKtxRegistrar"
304-->[com.google.firebase:firebase-common:22.2.0] AndroidManifest.xml:36:17-109